Performing C SOURCE FILE Test CMAKE_HAVE_LIBC_PTHREAD failed with the following output:
Change Dir: /home/dhc/EvoAlgo/assignment3/animation/libraries/include/glfw/CMakeFiles/CMakeScratch/TryCompile-MYyH1W

Run Build Command(s):/usr/bin/make -f Makefile cmTC_80e0b/fast && /usr/bin/make  -f CMakeFiles/cmTC_80e0b.dir/build.make CMakeFiles/cmTC_80e0b.dir/build
make[1]: Entering directory '/home/dhc/EvoAlgo/assignment3/animation/libraries/include/glfw/CMakeFiles/CMakeScratch/TryCompile-MYyH1W'
Building C object CMakeFiles/cmTC_80e0b.dir/src.c.o
/usr/bin/cc -DCMAKE_HAVE_LIBC_PTHREAD   -o CMakeFiles/cmTC_80e0b.dir/src.c.o -c /home/dhc/EvoAlgo/assignment3/animation/libraries/include/glfw/CMakeFiles/CMakeTmp/src.c
Linking C executable cmTC_80e0b
/usr/local/bin/cmake -E cmake_link_script CMakeFiles/cmTC_80e0b.dir/link.txt --verbose=1
/usr/bin/cc CMakeFiles/cmTC_80e0b.dir/src.c.o -o cmTC_80e0b 
/usr/bin/ld: CMakeFiles/cmTC_80e0b.dir/src.c.o: in function `main':
src.c:(.text+0x46): undefined reference to `pthread_create'
/usr/bin/ld: src.c:(.text+0x52): undefined reference to `pthread_detach'
/usr/bin/ld: src.c:(.text+0x5e): undefined reference to `pthread_cancel'
/usr/bin/ld: src.c:(.text+0x6f): undefined reference to `pthread_join'
collect2: error: ld returned 1 exit status
make[1]: *** [CMakeFiles/cmTC_80e0b.dir/build.make:99: cmTC_80e0b] Error 1
make[1]: Leaving directory '/home/dhc/EvoAlgo/assignment3/animation/libraries/include/glfw/CMakeFiles/CMakeScratch/TryCompile-MYyH1W'
make: *** [Makefile:127: cmTC_80e0b/fast] Error 2


Source file was:
#include <pthread.h>

static void* test_func(void* data)
{
  return data;
}

int main(void)
{
  pthread_t thread;
  pthread_create(&thread, NULL, test_func, NULL);
  pthread_detach(thread);
  pthread_cancel(thread);
  pthread_join(thread, NULL);
  pthread_atfork(NULL, NULL, NULL);
  pthread_exit(NULL);

  return 0;
}

Determining if the function pthread_create exists in the pthreads failed with the following output:
Change Dir: /home/dhc/EvoAlgo/assignment3/animation/libraries/include/glfw/CMakeFiles/CMakeScratch/TryCompile-6EMT3V

Run Build Command(s):/usr/bin/make -f Makefile cmTC_50044/fast && /usr/bin/make  -f CMakeFiles/cmTC_50044.dir/build.make CMakeFiles/cmTC_50044.dir/build
make[1]: Entering directory '/home/dhc/EvoAlgo/assignment3/animation/libraries/include/glfw/CMakeFiles/CMakeScratch/TryCompile-6EMT3V'
Building C object CMakeFiles/cmTC_50044.dir/CheckFunctionExists.c.o
/usr/bin/cc   -DCHECK_FUNCTION_EXISTS=pthread_create -o CMakeFiles/cmTC_50044.dir/CheckFunctionExists.c.o -c /usr/local/share/cmake-3.24/Modules/CheckFunctionExists.c
Linking C executable cmTC_50044
/usr/local/bin/cmake -E cmake_link_script CMakeFiles/cmTC_50044.dir/link.txt --verbose=1
/usr/bin/cc  -DCHECK_FUNCTION_EXISTS=pthread_create CMakeFiles/cmTC_50044.dir/CheckFunctionExists.c.o -o cmTC_50044  -lpthreads 
/usr/bin/ld: cannot find -lpthreads
collect2: error: ld returned 1 exit status
make[1]: *** [CMakeFiles/cmTC_50044.dir/build.make:99: cmTC_50044] Error 1
make[1]: Leaving directory '/home/dhc/EvoAlgo/assignment3/animation/libraries/include/glfw/CMakeFiles/CMakeScratch/TryCompile-6EMT3V'
make: *** [Makefile:127: cmTC_50044/fast] Error 2



